[ 1972.918568] INFO: rcu_sched detected stalls on CPUs/tasks:
[ 1972.928043] 	1-...!: (4 ticks this GP) idle=1d2/140000000000000/0 softirq=881/886 fqs=3 
[ 1972.938589] 	(detected by 0, t=491550 jiffies, g=-133, c=-134, q=122)
[ 1972.946226] Sending NMI from CPU 0 to CPUs 1:
[ 1983.016926] rcu_sched kthread starved for 491542 jiffies! g18446744073709551483 c18446744073709551482 f0x0 RCU_GP_WAIT_FQS(3) ->state=0x402 ->cpu=0
[ 1983.028360] rcu_sched       I    0     8      2 0x80000000
[ 1983.034391] Call Trace:
[ 1983.038015]  __schedule+0x24e/0x890
[ 1983.041948]  schedule+0x2c/0x80
[ 1983.045553]  schedule_timeout+0x15d/0x370
[ 1983.049468]  ? __next_timer_interrupt+0xe0/0xe0
[ 1983.053993]  rcu_gp_kthread+0x53a/0x980
[ 1983.058449]  kthread+0x121/0x140
[ 1983.061708]  ? rcu_note_context_switch+0x150/0x150
[ 1983.066393]  ? kthread_create_worker_on_cpu+0x70/0x70
[ 1983.071569]  ret_from_fork+0x35/0x40
[ 1983.122687]    prefetch64-sse: -1113442.-664 MB/sec
[ 1983.229394]    generic_sse: 33152.000 MB/sec
[ 1983.234275] xor: using function: generic_sse (33152.000 MB/sec)
[ 1983.254135] async_tx: api initialized (async)
done.
Begin: Running /scripts/init-premount ... done.
Begin: Mounting root file system ... Begin: Running /scripts/local-top ... done.
Begin: Running /scripts/local-premount ... [ 1983.375892] Btrfs loaded, crc32c=crc32c-intel
Scanning for Btrfs filesystems
done.
Warning: fsck not present, so skipping root file system
[ 1983.531924] EXT4-fs (sda1): mounted filesystem with ordered data mode. Opts: (null)
done.
Begin: Running /scripts/local-bottom ... done.
Begin: Running /scripts/init-bottom ... done.
[ 1984.335328] ip_tables: (C) 2000-2006 Netfilter Core Team
[ 1984.410746] systemd[1]: systemd 237 running in system mode. (+PAM +AUDIT +SELINUX +IMA +APPARMOR +SMACK +SYSVINIT +UTMP +LIBCRYPTSETUP +GCRYPT +GNUTLS +ACL +XZ +LZ4 +SECCOMP +BLKID +ELFUTILS +KMOD -IDN2 +IDN -PCRE2 default-hierarchy=hybrid)
[ 1984.435513] systemd[1]: Detected virtualization oracle.
[ 1984.440781] systemd[1]: Detected architecture x86-64.

Welcome to [1mUbuntu 18.04.6 LTS[0m!

[ 1984.499322] systemd[1]: Set hostname to <ubuntu-bionic>.
[ 1985.731246] systemd[1]: Set up automount Arbitrary Executable File Formats File System Automount Point.
[[0;32m  OK  [0m] Set up automount Arbitrary Executab…rmats File System Automount Point.
[ 1985.744245] systemd[1]: Started Forward Password Requests to Wall Directory Watch.
[[0;32m  OK  [0m] Started Forward Password Requests to Wall Directory Watch.
[ 1985.766160] systemd[1]: Created slice System Slice.
[[0;32m  OK  [0m] Created slice System Slice.
[ 1985.773196] systemd[1]: Reached target System Time Synchronized.
[[0;32m  OK  [0m] Reached target System Time Synchronized.
[ 1985.781334] systemd[1]: Listening on udev Control Socket.
[[0;32m  OK  [0m] Listening on udev Control Socket.
[ 1985.790509] systemd[1]: Listening on Journal Audit Socket.
[[0;32m  OK  [0m] Listening on Journal Audit Socket.
[[0;32m  OK  [0m] Listening on Syslog Socket.
[[0;32m  OK  [0m] Listening on Journal Socket.
         Starting Uncomplicated firewall...
         Starting Create list of required st…ce nodes for the current kernel...
[[0;32m  OK  [0m] Listening on Journal Socket (/dev/log).
         Starting Journal Service...
[[0;32m  OK  [0m] Listening on LVM2 poll daemon socket.
[[0;32m  OK  [0m] Listening on udev Kernel Socket.
         Mounting POSIX Message Queue File System...
[[0;32m  OK  [0m] Listening on /dev/initctl Compatibility Named Pipe.
         Mounting Kernel Debug File System...
[[0;32m  OK  [0m] Created slice system-serial\x2dgetty.slice.
[[0;32m  OK  [0m] Listening on LVM2 metadata daemon socket.
[[0;32m  OK  [0m] Listening on Device-mapper event daemon FIFOs.
[[0;32m  OK  [0m] Reached target Swap.
         Starting udev Coldplug all Devices...
         Starting Load Kernel Modules...
         Starting Monitoring of LVM2 mirrors…ng dmeventd or progress polling...
[[0;32m  OK  [0m] Reached target User and Group Name Lookups.
[[0;32m  OK  [0m] Listening on fsck to fsckd communication Socket.
         Starting File System Check on Root Device...
         Mounting Huge Pages File System...
[[0;32m  OK  [0m] Created slice User and Session Slice.
[[0;32m  OK  [0m] Reached target Slices.
[[0;32m  OK  [0m] Reached target Mounting snaps.
[[0;32m  OK  [0m] Reached target Mounted snaps.
         Starting Set the console keyboard layout...
[[0;32m  OK  [0m] Listening on Network Service Netlink Socket.
[[0;32m  OK  [0m] Started Uncomplicated firewall.
[[0;32m  OK  [0m] Started Create list of required sta…vice nodes for the current kernel.
[[0;32m  OK  [0m] Mounted POSIX Message Queue File System.
[ 1985.955323] Loading iSCSI transport class v2.0-870.
[[0;32m  OK  [0m] Mounted Kernel Debug File System.
[[0;32m  OK  [0m] Mounted Huge Pages File System.
         Starting Create Static Device Nodes in /dev...
[[0;32m  OK  [0m] Started udev Coldplug all Devices.
[[0;32m  OK  [0m] Started Journal Service.
[[0;32m  OK  [0m] Started File System Check Daemon to report status.
[ 1986.144731] iscsi: registered transport (tcp)
[[0;32m  OK  [0m] Started LVM2 metadata daemon.
[[0;32m  OK  [0m] Started Create Static Device Nodes in /dev.
[[0;32m  OK  [0m] Started File System Check on Root Device.
         Starting Remount Root and Kernel File Systems...
[ 1986.414464] iscsi: registered transport (iser)
[[0;32m  OK  [0m] Started Load Kernel Modules.
         Starting Apply Kernel Variables...
         Mounting FUSE Control File System...
         Mounting Kernel Configuration File System...
[[0;32m  OK  [0m] Mounted FUSE Control File System.
[[0;32m  OK  [0m] Mounted Kernel Configuration File System.
[[0;32m  OK  [0m] Started Set the console keyboard layout.
[[0;32m  OK  [0m] Started Remount Root and Kernel File Systems.
         Starting Flush Journal to Persistent Storage...
         Starting udev Kernel Device Manager...
         Starting Load/Save Random Seed...
[[0;32m  OK  [0m] Started Monitoring of LVM2 mirrors,…sing dmeventd or progress polling.
[[0;32m  OK  [0m] Started Apply Kernel Variables.
[[0;32m  OK  [0m] Reached target Local File Systems (Pre).
[[0;32m  OK  [0m] Reached target Local File Systems.
         Starting Set console font and keymap...
         Starting AppArmor initialization...
         Starting ebtables ruleset management...
         Starting Tell Plymouth To Write Out Runtime Data...
[[0;32m  OK  [0m] Started Load/Save Random Seed.
[[0;32m  OK  [0m] Started udev Kernel Device Manager.
[[0;32m  OK  [0m] Started Dispatch Password Requests to Console Directory Watch.
[[0;32m  OK  [0m] Reached target Local Encrypted Volumes.
[[0;32m  OK  [0m] Started Set console font and keymap.
[[0;32m  OK  [0m] Started Tell Plymouth To Write Out Runtime Data.
[[0;32m  OK  [0m] Started Flush Journal to Persistent Storage.
[[0;32m  OK  [0m] Found device /dev/ttyS0.
         Starting Create Volatile Files and Directories...
[[0;32m  OK  [0m] Started ebtables ruleset management.
[[0;32m  OK  [0m] Started Create Volatile Files and Directories.
         Starting Update UTMP about System Boot/Shutdown...
[[0;32m  OK  [0m] Started Update UTMP about System Boot/Shutdown.
[[0;32m  OK  [0m] Listening on Load/Save RF Kill Switch Status /dev/rfkill Watch.
[[0;32m  OK  [0m] Started AppArmor initialization.
         Starting Load AppArmor profiles managed internally by snapd...
         Starting Initial cloud-init job (pre-networking)...
         Mounting Arbitrary Executable File Formats File System...
[[0;32m  OK  [0m] Mounted Arbitrary Executable File Formats File System.
[[0;32m  OK  [0m] Started Load AppArmor profiles managed internally by snapd.
[ 1992.937604] cloud-init[572]: Cloud-init v. 23.1.2-0ubuntu0~18.04.1 running 'init-local' at Thu, 26 Oct 2023 09:07:44 +0000. Up 1992.57 seconds.
[[0;32m  OK  [0m] Started Initial cloud-init job (pre-networking).
[[0;32m  OK  [0m] Reached target Network (Pre).
         Starting Network Service...
[[0;32m  OK  [0m] Started Network Service.
         Starting Wait for Network to be Configured...
         Starting Network Name Resolution...
[[0;32m  OK  [0m] Started Network Name Resolution.
[[0;32m  OK  [0m] Reached target Network.
[[0;32m  OK  [0m] Reached target Host and Network Name Lookups.
[[0;32m  OK  [0m] Started Wait for Network to be Configured.
         Starting Initial cloud-init job (metadata service crawler)...
[ 1995.625728] cloud-init[696]: Cloud-init v. 23.1.2-0ubuntu0~18.04.1 running 'init' at Thu, 26 Oct 2023 09:07:47 +0000. Up 1995.48 seconds.
[ 1995.630435] cloud-init[696]: ci-info: ++++++++++++++++++++++++++++++++++++++Net device info+++++++++++++++++++++++++++++++++++++++
[ 1995.634685] cloud-init[696]: ci-info: +--------+------+-----------------------------+---------------+--------+-------------------+
[ 1995.639483] cloud-init[696]: ci-info: | Device |  Up  |           Address           |      Mask     | Scope  |     Hw-Address    |
[ 1995.644536] cloud-init[696]: ci-info: +--------+------+-----------------------------+---------------+--------+-------------------+
[ 1995.649232] cloud-init[696]: ci-info: | enp0s3 | True |          10.0.2.15          | 255.255.255.0 | global | 02:3b:7b:b7:3b:2d |
[ 1995.654651] cloud-init[696]: ci-info: | enp0s3 | True |  fe80::3b:7bff:feb7:3b2d/64 |       .       |  link  | 02:3b:7b:b7:3b:2d |
[ 1995.662315] cloud-init[696]: ci-info: | enp0s8 | True |        196.168.33.10        | 255.255.255.0 | global | 08:00:27:5c:64:c7 |
[ 1995.670002] cloud-init[696]: ci-info: | enp0s8 | True | fe80::a00:27ff:fe5c:64c7/64 |       .       |  link  | 08:00:27:5c:64:c7 |
[ 1995.678997] cloud-init[696]: ci-info: |   lo   | True |          127.0.0.1          |   255.0.0.0   |  host  |         .         |
[ 1995.686177] cloud-init[696]: ci-info: |   lo   | True |           ::1/128           |       .       |  host  |         .         |
[ 1995.692891] cloud-init[696]: ci-info: +--------+------+-----------------------------+---------------+--------+-------------------+
[ 1995.700453] cloud-init[696]: ci-info: +++++++++++++++++++++++++++++Route IPv4 info+++++++++++++++++++++++++++++
[ 1995.706753] cloud-init[696]: ci-info: +-------+--------------+----------+-----------------+-----------+-------+
[ 1995.713990] cloud-init[696]: ci-info: | Route | Destination  | Gateway  |     Genmask     | Interface | Flags |
[ 1995.720551] cloud-init[696]: ci-info: +-------+--------------+----------+-----------------+-----------+-------+
[ 1995.726559] cloud-init[696]: ci-info: |   0   |   0.0.0.0    | 10.0.2.2 |     0.0.0.0     |   enp0s3  |   UG  |
[ 1995.732580] cloud-init[696]: ci-info: |   1   |   10.0.2.0   | 0.0.0.0  |  255.255.255.0  |   enp0s3  |   U   |
[ 1995.738579] cloud-init[696]: ci-info: |   2   |   10.0.2.2   | 0.0.0.0  | 255.255.255.255 |   enp0s3  |   UH  |
[ 1995.745246] cloud-init[696]: ci-info: |   3   | 196.168.33.0 | 0.0.0.0  |  255.255.255.0  |   enp0s8  |   U   |
[ 1995.751526] cloud-init[696]: ci-info: +-------+--------------+----------+-----------------+-----------+-------+
[ 1995.758815] cloud-init[696]: ci-info: +++++++++++++++++++Route IPv6 info+++++++++++++++++++
[ 1995.765479] cloud-init[696]: ci-info: +-------+-------------+---------+-----------+-------+
[ 1995.771488] cloud-init[696]: ci-info: | Route | Destination | Gateway | Interface | Flags |
[ 1995.778175] cloud-init[696]: ci-info: +-------+-------------+---------+-----------+-------+
[ 1995.783659] cloud-init[696]: ci-info: |   1   |  fe80::/64  |    ::   |   enp0s8  |   U   |
[ 1995.789712] cloud-init[696]: ci-info: |   2   |  fe80::/64  |    ::   |   enp0s3  |   U   |
[ 1995.795153] cloud-init[696]: ci-info: |   4   |    local    |    ::   |   enp0s3  |   U   |
[ 1995.801044] cloud-init[696]: ci-info: |   5   |    local    |    ::   |   enp0s8  |   U   |
[ 1995.806536] cloud-init[696]: ci-info: |   6   |   ff00::/8  |    ::   |   enp0s8  |   U   |
[ 1995.812048] cloud-init[696]: ci-info: |   7   |   ff00::/8  |    ::   |   enp0s3  |   U   |
[ 1995.817428] cloud-init[696]: ci-info: +-------+-------------+---------+-----------+-------+
[[0;32m  OK  [0m] Started Initial cloud-init job (metadata service crawler).
[[0;32m  OK  [0m] Reached target Cloud-config availability.
[[0;32m  OK  [0m] Reached target Network is Online.
         Starting Availability of block devices...
[[0;32m  OK  [0m] Reached target Remote File Systems (Pre).
         Mounting /vagrant...
[[0;32m  OK  [0m] Reached target System Initialization.
[[0;32m  OK  [0m] Started Daily Cleanup of Temporary Directories.
         Starting Socket activation for snappy daemon.
[[0;32m  OK  [0m] Listening on UUID daemon activation socket.
[[0;32m  OK  [0m] Listening on Open-iSCSI iscsid Socket.
         Starting LXD - unix socket.
[[0;32m  OK  [0m] Listening on D-Bus System Message Bus Socket.
[[0;32m  OK  [0m] Started Message of the Day.
[[0;32m  OK  [0m] Listening on ACPID Listen Socket.
[[0;32m  OK  [0m] Started Ubuntu Advantage Timer for running repeated jobs.
[[0;32m  OK  [0m] Started ACPI Events Check.
[[0;32m  OK  [0m] Started Discard unused blocks once a week.
[[0;32m  OK  [0m] Listening on cloud-init hotplug hook socket.
[[0;32m  OK  [0m] Reached target Paths.
[[0;32m  OK  [0m] Started Daily apt download activities.
[[0;32m  OK  [0m] Started Daily apt upgrade and clean activities.
[[0;32m  OK  [0m] Reached target Timers.
[[0;32m  OK  [0m] Started Availability of block devices.
[[0;32m  OK  [0m] Mounted /vagrant.
[[0;32m  OK  [0m] Listening on Socket activation for snappy daemon.
[[0;32m  OK  [0m] Listening on LXD - unix socket.
         Starting Cleanup of Temporary Directories...
[[0;32m  OK  [0m] Reached target Sockets.
[[0;32m  OK  [0m] Reached target Basic System.
         Starting Virtualbox guest utils...
[[0;32m  OK  [0m] Reached target Login Prompts (Pre).
         Starting LSB: Record successful boot for GRUB...
[[0;32m  OK  [0m] Started Deferred execution scheduler.
[[0;32m  OK  [0m] Started FUSE filesystem for LXC.
         Starting Dispatcher daemon for systemd-networkd...
[[0;32m  OK  [0m] Started irqbalance daemon.
         Starting OpenBSD Secure Shell server...
         Starting Accounts Service...
         Starting System Logging Service...
[[0;32m  OK  [0m] Started Regular background program processing daemon.
         Starting LXD - container startup/shutdown...
[[0;32m  OK  [0m] Started D-Bus System Message Bus.
         Starting Snap Daemon...
         Starting Login Service...
[[0;32m  OK  [0m] Reached target Remote File Systems.
         Starting LSB: automatic crash report generation...
         Starting Permit User Sessions...
[[0;32m  OK  [0m] Started System Logging Service.
[[0;32m  OK  [0m] Started Cleanup of Temporary Directories.
[[0;32m  OK  [0m] Started Permit User Sessions.
[[0;32m  OK  [0m] Started Login Service.
[[0;32m  OK  [0m] Started Dispatcher daemon for systemd-networkd.
[[0;32m  OK  [0m] Started Unattended Upgrades Shutdown.
         Starting Hold until boot process finishes up...
         Starting Terminate Plymouth Boot Screen...
         Starting Authorization Manager...
[[0;32m  OK  [0m] Started Hold until boot process finishes up.
         Starting Set console scheme...
[[0;32m  OK  [0m] Started Serial Getty on ttyS0.
[[0;32m  OK  [0m] Started Terminate Plymouth Boot Screen.
[[0;32m  OK  [0m] Started OpenBSD Secure Shell server.
[[0;32m  OK  [0m] Started Set console scheme.
[[0;32m  OK  [0m] Created slice system-getty.slice.
[[0;32m  OK  [0m] Started Getty on tty1.
[[0;32m  OK  [0m] Reached target Login Prompts.
[[0;32m  OK  [0m] Started Authorization Manager.
[[0;32m  OK  [0m] Started Accounts Service.
[[0;32m  OK  [0m] Started LSB: automatic crash report generation.
[[0;32m  OK  [0m] Started LSB: Record successful boot for GRUB.
[[0;32m  OK  [0m] Started Virtualbox guest utils.
         Starting Message of the Day...
[[0;32m  OK  [0m] Started LXD - container startup/shutdown.
[[0;32m  OK  [0m] Started Snap Daemon.
         Starting Wait until snapd is fully seeded...
         Starting Time & Date Service...
[[0;32m  OK  [0m] Started Time & Date Service.
[[0;32m  OK  [0m] Started Wait until snapd is fully seeded.
         Starting Apply the settings specified in cloud-config...
[ 2001.248164] cloud-init[1281]: Cloud-init v. 23.1.2-0ubuntu0~18.04.1 running 'modules:config' at Sat, 28 Oct 2023 19:23:57 +0000. Up 2001.11 seconds.
[[0;32m  OK  [0m] Started Apply the settings specified in cloud-config.
[[0;32m  OK  [0m] Reached target Multi-User System.
         Starting Execute cloud user/final scripts...
[[0;32m  OK  [0m] Reached target Graphical Interface.
         Starting Update UTMP about System Runlevel Changes...
[[0;32m  OK  [0m] Started Update UTMP about System Runlevel Changes.
[ 2001.878053] cloud-init[1324]: Cloud-init v. 23.1.2-0ubuntu0~18.04.1 running 'modules:final' at Sat, 28 Oct 2023 19:23:57 +0000. Up 2001.69 seconds.
[ 2001.883385] cloud-init[1324]: Cloud-init v. 23.1.2-0ubuntu0~18.04.1 finished at Sat, 28 Oct 2023 19:23:58 +0000. Datasource DataSourceNoCloud [seed=/dev/sdb][dsmode=net].  Up 2001.85 seconds
[[0;32m  OK  [0m] Started Execute cloud user/final scripts.
[[0;32m  OK  [0m] Reached target Cloud-init target.

Ubuntu 18.04.6 LTS ubuntu-bionic ttyS0

ubuntu-bionic login: 